#
# There is insufficient memory for the Java Runtime Environment to continue.
# Native memory allocation (mmap) failed to map 67108864 bytes for G1 virtual space
# Possible reasons:
#   The system is out of physical RAM or swap space
#   The process is running with CompressedOops enabled, and the Java Heap may be blocking the growth of the native heap
# Possible solutions:
#   Reduce memory load on the system
#   Increase physical memory or swap space
#   Check if swap backing store is full
#   Decrease Java heap size (-Xmx/-Xms)
#   Decrease number of Java threads
#   Decrease Java thread stack sizes (-Xss)
#   Set larger code cache with -XX:ReservedCodeCacheSize=
#   JVM is running with Unscaled Compressed Oops mode in which the Java heap is
#     placed in the first 4GB address space. The Java Heap base address is the
#     maximum limit for the native heap growth. Please use -XX:HeapBaseMinAddress
#     to set the Java Heap base and to place the Java Heap above 4GB virtual address.
# This output file may be truncated or incomplete.
#
#  Out of Memory Error (os_windows.cpp:3747), pid=3320, tid=4592
#
# JRE version:  (17.0.3+7) (build )
# Java VM: OpenJDK 64-Bit Server VM (17.0.3+7-b469.32, mixed mode, sharing, tiered, compressed oops, compressed class ptrs, g1 gc, windows-amd64)
# No core dump will be written. Minidumps are not enabled by default on client versions of Windows
#

---------------  S U M M A R Y ------------

Command Line: git4idea.http.GitAskPassApp Username for 'https://github.com': 

Host: AMD Athlon(tm) II X2 240 Processor, 2 cores, 3G,  Windows 10 , 64 bit Build 19041 (10.0.19041.3636)
Time: Sat Aug  3 02:22:11 2024 RTZ 2 (s 10 , 64 bit Build 19041 (10.0.19041.3636) elapsed time: 0.019788 seconds (0d 0h 0m 0s)

---------------  T H R E A D  ---------------

Current thread (0x0000021efb3396d0):  JavaThread "Unknown thread" [_thread_in_vm, id=4592, stack(0x00000024ea800000,0x00000024ea900000)]

Stack: [0x00000024ea800000,0x00000024ea900000]
Native frames: (J=compiled Java code, j=interpreted, Vv=VM code, C=native code)
V  [jvm.dll+0x681f8a]
V  [jvm.dll+0x83e374]
V  [jvm.dll+0x83fb1e]
V  [jvm.dll+0x840183]
V  [jvm.dll+0x2492a5]
V  [jvm.dll+0x67ee59]
V  [jvm.dll+0x67355a]
V  [jvm.dll+0x308fab]
V  [jvm.dll+0x310466]
V  [jvm.dll+0x3601de]
V  [jvm.dll+0x36040f]
V  [jvm.dll+0x2df098]
V  [jvm.dll+0x2e0004]
V  [jvm.dll+0x80fc61]
V  [jvm.dll+0x36df61]
V  [jvm.dll+0x7ef17c]
V  [jvm.dll+0x3f10ef]
V  [jvm.dll+0x3f2c31]
C  [jli.dll+0x526b]
C  [ucrtbase.dll+0x21bb2]
C  [KERNEL32.DLL+0x17344]
C  [ntdll.dll+0x526b1]


---------------  P R O C E S S  ---------------

Threads class SMR info:
_java_thread_list=0x00007ffbb7826f18, length=0, elements={
}

Java Threads: ( => current thread )

Other Threads:
  0x0000021efb374fd0 GCTaskThread "GC Thread#0" [stack: 0x00000024ea900000,0x00000024eaa00000] [id=4880]
  0x0000021efb37df10 ConcurrentGCThread "G1 Main Marker" [stack: 0x00000024eaa00000,0x00000024eab00000] [id=4456]
  0x0000021efb37e920 ConcurrentGCThread "G1 Conc#0" [stack: 0x00000024eab00000,0x00000024eac00000] [id=280]

[error occurred during error reporting (printing all threads), id 0xc0000005, EXCEPTION_ACCESS_VIOLATION (0xc0000005) at pc=0x00007ffbb6fdfc57]

VM state: not at safepoint (not fully initialized)

VM Mutex/Monitor currently owned by a thread:  ([mutex/lock_event])
[0x0000021efb333bc0] Heap_lock - owner thread: 0x0000021efb3396d0

Heap address: 0x00000000c0000000, size: 1024 MB, Compressed Oops mode: 32-bit

CDS archive(s) mapped at: [0x0000000000000000-0x0000000000000000-0x0000000000000000), size 0, SharedBaseAddress: 0x0000000800000000, ArchiveRelocationMode: 0.
Narrow klass base: 0x0000000000000000, Narrow klass shift: 0, Narrow klass range: 0x0

GC Precious Log:
<Empty>

Heap:
 garbage-first heap   total 0K, used 0K [0x00000000c0000000, 0x0000000100000000)
  region size 1024K, 0 young (0K), 0 survivors (0K)

[error occurred during error reporting (printing heap information), id 0xc0000005, EXCEPTION_ACCESS_VIOLATION (0xc0000005) at pc=0x00007ffbb73cbbd9]

GC Heap History (0 events):
No events

Deoptimization events (0 events):
No events

Classes unloaded (0 events):
No events

Classes redefined (0 events):
No events

Internal exceptions (0 events):
No events

VM Operations (0 events):
No events

Events (1 events):
Event: 0.008 Loaded shared library C:\Program Files\JetBrains\PyCharm 2022.2\jbr\bin\java.dll


Dynamic libraries:
0x00007ff7b9a20000 - 0x00007ff7b9a2a000 	C:\Program Files\JetBrains\PyCharm 2022.2\jbr\bin\java.exe
0x00007ffbd74f0000 - 0x00007ffbd76e8000 	C:\Windows\SYSTEM32\ntdll.dll
0x00007ffbd5520000 - 0x00007ffbd55dd000 	C:\Windows\System32\KERNEL32.DLL
0x00007ffbd4d40000 - 0x00007ffbd5036000 	C:\Windows\System32\KERNELBASE.dll
0x00007ffbd5370000 - 0x00007ffbd5470000 	C:\Windows\System32\ucrtbase.dll
0x00007ffbc6580000 - 0x00007ffbc659b000 	C:\Program Files\JetBrains\PyCharm 2022.2\jbr\bin\VCRUNTIME140.dll
0x00007ffbc5c20000 - 0x00007ffbc5c37000 	C:\Program Files\JetBrains\PyCharm 2022.2\jbr\bin\jli.dll
0x00007ffbd62a0000 - 0x00007ffbd643f000 	C:\Windows\System32\USER32.dll
0x00007ffbd5040000 - 0x00007ffbd5062000 	C:\Windows\System32\win32u.dll
0x00007ffbcb880000 - 0x00007ffbcbb1a000 	C:\Windows\WinSxS\amd64_microsoft.windows.common-controls_6595b64144ccf1df_6.0.19041.3636_none_60b6a03d71f818d5\COMCTL32.dll
0x00007ffbd6660000 - 0x00007ffbd668b000 	C:\Windows\System32\GDI32.dll
0x00007ffbd6a90000 - 0x00007ffbd6b2e000 	C:\Windows\System32\msvcrt.dll
0x00007ffbd4bd0000 - 0x00007ffbd4ce7000 	C:\Windows\System32\gdi32full.dll
0x00007ffbd5070000 - 0x00007ffbd510d000 	C:\Windows\System32\msvcp_win.dll
0x00007ffbd6570000 - 0x00007ffbd65a2000 	C:\Windows\System32\IMM32.DLL
0x00007ffbd3310000 - 0x00007ffbd331c000 	C:\Program Files\JetBrains\PyCharm 2022.2\jbr\bin\vcruntime140_1.dll
0x00007ffbbdc30000 - 0x00007ffbbdcbd000 	C:\Program Files\JetBrains\PyCharm 2022.2\jbr\bin\msvcp140.dll
0x00007ffbb6cf0000 - 0x00007ffbb7958000 	C:\Program Files\JetBrains\PyCharm 2022.2\jbr\bin\server\jvm.dll
0x00007ffbd6710000 - 0x00007ffbd67c0000 	C:\Windows\System32\ADVAPI32.dll
0x00007ffbd72a0000 - 0x00007ffbd7340000 	C:\Windows\System32\sechost.dll
0x00007ffbd6440000 - 0x00007ffbd6563000 	C:\Windows\System32\RPCRT4.dll
0x00007ffbd4ba0000 - 0x00007ffbd4bc7000 	C:\Windows\System32\bcrypt.dll
0x00007ffbd5e90000 - 0x00007ffbd5e98000 	C:\Windows\System32\PSAPI.DLL
0x00007ffbcb080000 - 0x00007ffbcb089000 	C:\Windows\SYSTEM32\WSOCK32.dll
0x00007ffbd6690000 - 0x00007ffbd66fb000 	C:\Windows\System32\WS2_32.dll
0x00007ffbcbb20000 - 0x00007ffbcbb47000 	C:\Windows\SYSTEM32\WINMM.dll
0x00007ffbd32e0000 - 0x00007ffbd32ea000 	C:\Windows\SYSTEM32\VERSION.dll
0x00007ffbd3510000 - 0x00007ffbd3522000 	C:\Windows\SYSTEM32\kernel.appcore.dll
0x00007ffbc6710000 - 0x00007ffbc671a000 	C:\Program Files\JetBrains\PyCharm 2022.2\jbr\bin\jimage.dll
0x00007ffbc1830000 - 0x00007ffbc1a14000 	C:\Windows\SYSTEM32\DBGHELP.DLL
0x00007ffbc2930000 - 0x00007ffbc2964000 	C:\Windows\SYSTEM32\dbgcore.DLL
0x00007ffbd5110000 - 0x00007ffbd5192000 	C:\Windows\System32\bcryptPrimitives.dll
0x00007ffbc5450000 - 0x00007ffbc5475000 	C:\Program Files\JetBrains\PyCharm 2022.2\jbr\bin\java.dll

dbghelp: loaded successfully - version: 4.0.5 - missing functions: none
symbol engine: initialized successfully - sym options: 0x614 - pdb path: .;C:\Program Files\JetBrains\PyCharm 2022.2\jbr\bin;C:\Windows\SYSTEM32;C:\Windows\WinSxS\amd64_microsoft.windows.common-controls_6595b64144ccf1df_6.0.19041.3636_none_60b6a03d71f818d5;C:\Program Files\JetBrains\PyCharm 2022.2\jbr\bin\server

VM Arguments:
java_command: git4idea.http.GitAskPassApp Username for 'https://github.com': 
java_class_path (initial): C:/Program Files/JetBrains/PyCharm 2022.2/plugins/git4idea/lib/git4idea-rt.jar;C:/Program Files/JetBrains/PyCharm 2022.2/lib/externalProcess-rt.jar;C:/Program Files/JetBrains/PyCharm 2022.2/lib/app.jar;C:/Program Files/JetBrains/PyCharm 2022.2/lib/3rd-party-rt.jar
Launcher Type: SUN_STANDARD

[Global flags]
     intx CICompilerCount                          = 2                                         {product} {ergonomic}
     uint ConcGCThreads                            = 1                                         {product} {ergonomic}
     uint G1ConcRefinementThreads                  = 2                                         {product} {ergonomic}
   size_t G1HeapRegionSize                         = 1048576                                   {product} {ergonomic}
    uintx GCDrainStackTargetSize                   = 64                                        {product} {ergonomic}
   size_t InitialHeapSize                          = 67108864                                  {product} {ergonomic}
   size_t MarkStackSize                            = 4194304                                   {product} {ergonomic}
   size_t MaxHeapSize                              = 1073741824                                {product} {ergonomic}
   size_t MinHeapDeltaBytes                        = 1048576                                   {product} {ergonomic}
   size_t MinHeapSize                              = 8388608                                   {product} {ergonomic}
    uintx NonNMethodCodeHeapSize                   = 5826188                                {pd product} {ergonomic}
    uintx NonProfiledCodeHeapSize                  = 122916026                              {pd product} {ergonomic}
    uintx ProfiledCodeHeapSize                     = 122916026                              {pd product} {ergonomic}
    uintx ReservedCodeCacheSize                    = 251658240                              {pd product} {ergonomic}
     bool SegmentedCodeCache                       = true                                      {product} {ergonomic}
   size_t SoftMaxHeapSize                          = 1073741824                             {manageable} {ergonomic}
     bool UseCompressedClassPointers               = true                           {product lp64_product} {ergonomic}
     bool UseCompressedOops                        = true                           {product lp64_product} {ergonomic}
     bool UseG1GC                                  = true                                      {product} {ergonomic}
     bool UseLargePagesIndividualAllocation        = false                                  {pd product} {ergonomic}

Logging:
Log output configuration:
 #0: stdout all=warning uptime,level,tags
 #1: stderr all=off uptime,level,tags

Environment Variables:
PATH=C:\Program Files\Git\mingw64\libexec\git-core;C:\Program Files\Git\mingw64\libexec\git-core;C:\Program Files\Git\mingw64\bin;C:\Program Files\Git\usr\bin;C:\Users\denis\bin;C:\Users\denis\PycharmProjects\fastApiProject\venv\Scripts;C:\Users\denis\AppData\Local\Programs\Python\Python311\Scripts;C:\Users\denis\AppData\Local\Programs\Python\Python311;C:\Program Files (x86)\NVIDIA Corporation\PhysX\Common;C:\Windows\system32;C:\Windows;C:\Windows\System32\Wbem;C:\Windows\System32\WindowsPowerShell\v1.0;C:\Program Files\PowerShell\7;C:\Program Files\Git\cmd;C:\Users\denis\AppData\Local\Microsoft\WindowsApps;C:\Program Files\mitmproxy\bin;C:\Program Files\JetBrains\PyCharm 2022.2\bin
USERNAME=denis
DISPLAY=:0.0
LC_ALL=en_US.UTF-8
OS=Windows_NT
PROCESSOR_IDENTIFIER=AMD64 Family 16 Model 6 Stepping 3, AuthenticAMD



---------------  S Y S T E M  ---------------

OS:
 Windows 10 , 64 bit Build 19041 (10.0.19041.3636)
OS uptime: 0 days 2:08 hours

CPU: total 2 (initial active 2) (2 cores per cpu, 1 threads per core) family 16 model 6 stepping 3 microcode 0x0, cx8, cmov, fxsr, mmx, 3dnowpref, sse, sse2, sse3, sse4a, popcnt, lzcnt, tsc, tscinvbit, clflush

Memory: 4k page, system-wide physical 4095M (510M free)
TotalPageFile size 4095M (AvailPageFile size 39M)
current process WorkingSet (physical memory assigned to process): 10M, peak: 10M
current process commit charge ("private bytes"): 47M, peak: 111M

vm_info: OpenJDK 64-Bit Server VM (17.0.3+7-b469.32) for windows-amd64 JRE (17.0.3+7-b469.32), built on 2022-07-19 by "builduser" with MS VC++ 16.10 / 16.11 (VS2019)

END.
